\BOOKMARK [0][-]{dummy.1}{\376\377\000R\000e\000s\000u\000m\000e\000n}{}% 1
\BOOKMARK [0][-]{dummy.2}{\376\377\000A\000g\000r\000a\000d\000e\000c\000i\000m\000i\000e\000n\000t\000o\000s}{}% 2
\BOOKMARK [0][-]{dummy.4}{\376\377\000\315\000n\000d\000i\000c\000e\000\040\000d\000e\000\040\000F\000i\000g\000u\000r\000a\000s}{}% 3
\BOOKMARK [0][-]{dummy.6}{\376\377\000L\000i\000s\000t\000a\000\040\000d\000e\000\040\000T\000a\000b\000l\000a\000s}{}% 4
\BOOKMARK [0][-]{dummy.8}{\376\377\000A\000c\000r\000\363\000n\000i\000m\000o\000s\000\040\000y\000\040\000S\000\355\000m\000b\000o\000l\000o\000s}{}% 5
\BOOKMARK [0][-]{chapter*.11}{\376\377\000I\000n\000t\000r\000o\000d\000u\000c\000c\000i\000\363\000n}{}% 6
\BOOKMARK [0][-]{chapter.12}{\376\377\0001\000\040\000I\000n\000t\000r\000o\000d\000u\000c\000c\000i\000\363\000n}{}% 7
\BOOKMARK [1][-]{section.13}{\376\377\0001\000.\0001\000\040\000O\000b\000j\000e\000t\000i\000v\000o\000s\000\040\000g\000e\000n\000e\000r\000a\000l\000e\000s}{chapter.12}% 8
\BOOKMARK [1][-]{section.15}{\376\377\0001\000.\0002\000\040\000O\000b\000j\000e\000t\000i\000v\000o\000s\000\040\000e\000s\000p\000e\000c\000i\000f\000i\000c\000o\000s}{chapter.12}% 9
\BOOKMARK [1][-]{section.20}{\376\377\0001\000.\0003\000\040\000P\000l\000a\000n\000i\000f\000i\000c\000a\000c\000i\000\363\000n}{chapter.12}% 10
\BOOKMARK [1][-]{section.25}{\376\377\0001\000.\0004\000\040\000P\000r\000e\000s\000u\000p\000u\000e\000s\000t\000o}{chapter.12}% 11
\BOOKMARK [0][-]{chapter.26}{\376\377\0002\000\040\000M\000a\000r\000c\000o\000\040\000t\000e\000\363\000r\000i\000c\000o}{}% 12
\BOOKMARK [1][-]{section.27}{\376\377\0002\000.\0001\000\040\000D\000e\000t\000e\000c\000t\000o\000r\000\040\000d\000e\000\040\000i\000n\000t\000r\000u\000s\000i\000o\000n\000e\000s\000\040\000\050\000I\000D\000S\000\051}{chapter.26}% 13
\BOOKMARK [1][-]{section.28}{\376\377\0002\000.\0002\000\040\000P\000r\000o\000t\000o\000c\000o\000l\000o\000\040\000H\000T\000T\000P}{chapter.26}% 14
\BOOKMARK [1][-]{section.29}{\376\377\0002\000.\0003\000\040\000U\000R\000I}{chapter.26}% 15
\BOOKMARK [1][-]{section.31}{\376\377\0002\000.\0004\000\040\000A\000u\000t\000o\000m\000\341\000t\000a\000s\000\040\000d\000e\000\040\000e\000s\000t\000a\000d\000o\000s\000\040\000f\000i\000n\000i\000t\000o\000s}{chapter.26}% 16
\BOOKMARK [1][-]{section.33}{\376\377\0002\000.\0005\000\040\000M\000o\000d\000e\000l\000o\000\040\000d\000e\000\040\000M\000a\000r\000k\000o\000v}{chapter.26}% 17
\BOOKMARK [1][-]{section.34}{\376\377\0002\000.\0006\000\040\000S\000S\000M}{chapter.26}% 18
\BOOKMARK [1][-]{section.36}{\376\377\0002\000.\0007\000\040\000B\000r\000o}{chapter.26}% 19
\BOOKMARK [0][-]{chapter.37}{\376\377\0003\000\040\000A\000r\000q\000u\000i\000t\000e\000c\000t\000u\000r\000a\000\040\000d\000e\000l\000\040\000I\000D\000S}{}% 20
\BOOKMARK [1][-]{section.38}{\376\377\0003\000.\0001\000\040\000M\000o\000d\000u\000l\000o\000\040\000d\000e\000\040\000s\000e\000g\000m\000e\000n\000t\000a\000c\000i\000\363\000n}{chapter.37}% 21
\BOOKMARK [2][-]{subsection.39}{\376\377\0003\000.\0001\000.\0001\000\040\000N\000o\000r\000m\000a\000l\000i\000z\000a\000c\000i\000\363\000n\000\040\000d\000e\000\040\000l\000o\000s\000\040\000U\000R\000I\000s}{section.38}% 22
\BOOKMARK [2][-]{subsection.40}{\376\377\0003\000.\0001\000.\0002\000\040\000S\000e\000g\000m\000e\000n\000t\000a\000c\000i\000\363\000n\000\040\000d\000e\000\040\000l\000o\000s\000\040\000U\000R\000I\000s}{section.38}% 23
\BOOKMARK [1][-]{section.41}{\376\377\0003\000.\0002\000\040\000M\000o\000d\000u\000l\000o\000\040\000d\000e\000\040\000e\000v\000a\000l\000u\000a\000c\000i\000\363\000n}{chapter.37}% 24
\BOOKMARK [2][-]{subsection.42}{\376\377\0003\000.\0002\000.\0001\000\040\000E\000x\000p\000r\000e\000s\000i\000o\000n\000e\000s\000\040\000p\000a\000r\000a\000\040\000c\000a\000l\000c\000u\000l\000a\000r\000\040\000i\000n\000d\000i\000c\000e\000\040\000d\000e\000\040\000a\000n\000o\000r\000m\000a\000l\000i\000d\000a\000d}{section.41}% 25
\BOOKMARK [2][-]{subsection.52}{\376\377\0003\000.\0002\000.\0002\000\040\000E\000l\000e\000m\000e\000n\000t\000o\000s\000\040\000a\000d\000i\000c\000i\000o\000n\000a\000l\000e\000s\000\040\000d\000e\000l\000\040\000m\000o\000d\000e\000l\000o}{section.41}% 26
\BOOKMARK [1][-]{section.54}{\376\377\0003\000.\0003\000\040\000M\000o\000d\000u\000l\000o\000\040\000d\000e\000\040\000e\000n\000t\000r\000e\000n\000a\000m\000i\000e\000n\000t\000o}{chapter.37}% 27
\BOOKMARK [2][-]{subsection.55}{\376\377\0003\000.\0003\000.\0001\000\040\000E\000x\000p\000r\000e\000s\000i\000o\000n\000e\000s\000\040\000u\000s\000a\000d\000a\000s\000\040\000e\000n\000\040\000e\000l\000\040\000m\000o\000d\000u\000l\000o\000\040\000d\000e\000\040\000e\000n\000t\000r\000e\000n\000a\000m\000i\000e\000n\000t\000o}{section.54}% 28
\BOOKMARK [0][-]{chapter.60}{\376\377\0004\000\040\000D\000e\000t\000a\000l\000l\000e\000s\000\040\000d\000e\000\040\000i\000m\000p\000l\000e\000m\000e\000n\000t\000a\000c\000i\000\363\000n}{}% 29
\BOOKMARK [1][-]{section.61}{\376\377\0004\000.\0001\000\040\000I\000m\000p\000l\000e\000m\000e\000n\000t\000a\000c\000i\000\363\000n\000\040\000d\000e\000l\000\040\000m\000o\000d\000u\000l\000o\000\040\000d\000e\000\040\000s\000e\000g\000m\000e\000n\000t\000a\000c\000i\000\363\000n}{chapter.60}% 30
\BOOKMARK [2][-]{subsection.62}{\376\377\0004\000.\0001\000.\0001\000\040\000E\000s\000t\000r\000u\000c\000t\000u\000r\000a\000\040\000d\000e\000\040\000d\000a\000t\000o\000s}{section.61}% 31
\BOOKMARK [2][-]{subsection.63}{\376\377\0004\000.\0001\000.\0002\000\040\000I\000m\000p\000l\000e\000m\000e\000n\000t\000a\000c\000i\000\363\000n\000\040\000d\000e\000l\000\040\000a\000u\000t\000o\000m\000a\000t\000a\000\040\000d\000e\000\040\000r\000e\000c\000o\000n\000o\000c\000i\000m\000i\000e\000n\000t\000o\000\040\000d\000e\000\040\000U\000R\000I\000s}{section.61}% 32
\BOOKMARK [2][-]{subsection.64}{\376\377\0004\000.\0001\000.\0003\000\040\000I\000m\000p\000l\000e\000m\000e\000n\000t\000a\000c\000i\000\363\000n\000\040\000d\000e\000l\000\040\000l\000a\000\040\000n\000o\000r\000m\000a\000l\000i\000z\000a\000c\000i\000\363\000n\000\040\000d\000e\000\040\000l\000o\000s\000\040\000U\000R\000I\000s}{section.61}% 33
\BOOKMARK [1][-]{section.65}{\376\377\0004\000.\0002\000\040\000I\000m\000p\000l\000e\000m\000e\000n\000t\000a\000c\000i\000\363\000n\000\040\000d\000e\000l\000\040\000m\000o\000d\000u\000l\000o\000\040\000d\000e\000\040\000e\000v\000a\000l\000u\000a\000c\000i\000\363\000n}{chapter.60}% 34
\BOOKMARK [2][-]{subsection.66}{\376\377\0004\000.\0002\000.\0001\000\040\000E\000s\000t\000r\000u\000c\000t\000u\000r\000a\000\040\000d\000e\000\040\000d\000a\000t\000o\000s}{section.65}% 35
\BOOKMARK [2][-]{subsection.67}{\376\377\0004\000.\0002\000.\0002\000\040\000L\000e\000c\000t\000u\000r\000a\000\040\000d\000e\000l\000\040\000m\000o\000d\000e\000l\000o\000\040\000d\000e\000\040\000n\000o\000r\000m\000a\000l\000i\000d\000a\000d\000\040\000e\000n\000\040\000B\000r\000o}{section.65}% 36
\BOOKMARK [2][-]{subsection.68}{\376\377\0004\000.\0002\000.\0003\000\040\000E\000v\000a\000l\000u\000a\000c\000i\000\363\000n\000\040\000d\000e\000\040\000l\000a\000s\000\040\000p\000r\000o\000b\000a\000b\000i\000l\000i\000d\000a\000d\000e\000s\000\040\000d\000e\000\040\000l\000o\000s\000\040\000U\000R\000I}{section.65}% 37
\BOOKMARK [1][-]{section.69}{\376\377\0004\000.\0003\000\040\000I\000m\000p\000l\000e\000m\000e\000n\000t\000a\000c\000i\000\363\000n\000\040\000d\000e\000l\000\040\000m\000o\000d\000u\000l\000o\000\040\000d\000e\000\040\000e\000n\000t\000r\000e\000n\000a\000m\000i\000e\000n\000t\000o}{chapter.60}% 38
\BOOKMARK [2][-]{subsection.70}{\376\377\0004\000.\0003\000.\0001\000\040\000E\000s\000t\000r\000u\000c\000t\000u\000r\000a\000\040\000d\000e\000\040\000d\000a\000t\000o\000s}{section.69}% 39
\BOOKMARK [2][-]{subsection.71}{\376\377\0004\000.\0003\000.\0002\000\040\000E\000n\000t\000r\000e\000n\000a\000m\000i\000e\000n\000t\000o\000\040\000O\000n\000l\000i\000n\000e}{section.69}% 40
\BOOKMARK [2][-]{subsection.72}{\376\377\0004\000.\0003\000.\0003\000\040\000E\000n\000t\000r\000e\000n\000a\000m\000i\000e\000n\000t\000o\000\040\000O\000f\000f\000l\000i\000n\000e}{section.69}% 41
\BOOKMARK [2][-]{subsection.73}{\376\377\0004\000.\0003\000.\0004\000\040\000E\000s\000c\000r\000i\000t\000u\000r\000a\000\040\000d\000e\000l\000\040\000m\000o\000d\000e\000l\000o\000\040\000d\000e\000\040\000n\000o\000r\000m\000a\000l\000i\000d\000a\000d\000\040\000e\000n\000\040\000B\000r\000o}{section.69}% 42
\BOOKMARK [0][-]{chapter.74}{\376\377\0005\000\040\000E\000v\000a\000l\000u\000a\000c\000i\000\363\000n\000\040\000y\000\040\000p\000r\000u\000e\000b\000a\000s}{}% 43
\BOOKMARK [1][-]{section.75}{\376\377\0005\000.\0001\000\040\000B\000a\000s\000e\000\040\000d\000e\000\040\000d\000a\000t\000o\000s}{chapter.74}% 44
\BOOKMARK [2][-]{subsection.76}{\376\377\0005\000.\0001\000.\0001\000\040\000B\000a\000s\000e\000\040\000d\000e\000\040\000d\000a\000t\000o\000s\000\040\000n\000o\000r\000m\000a\000l\000e\000s}{section.75}% 45
\BOOKMARK [2][-]{subsection.77}{\376\377\0005\000.\0001\000.\0002\000\040\000B\000a\000s\000e\000\040\000d\000e\000\040\000d\000a\000t\000o\000s\000\040\000a\000n\000o\000m\000a\000l\000a\000s}{section.75}% 46
\BOOKMARK [1][-]{section.78}{\376\377\0005\000.\0002\000\040\000E\000x\000p\000e\000r\000i\000m\000e\000n\000t\000a\000c\000i\000\363\000n}{chapter.74}% 47
\BOOKMARK [2][-]{subsection.79}{\376\377\0005\000.\0002\000.\0001\000\040\000P\000r\000u\000e\000b\000a\000s\000\040\000f\000u\000n\000c\000i\000o\000n\000a\000l\000e\000s}{section.78}% 48
\BOOKMARK [2][-]{subsection.80}{\376\377\0005\000.\0002\000.\0002\000\040\000P\000r\000u\000e\000b\000a\000s\000\040\000o\000p\000e\000r\000a\000t\000i\000v\000a\000s}{section.78}% 49
\BOOKMARK [0][-]{chapter.81}{\376\377\0006\000\040\000C\000o\000n\000c\000l\000u\000s\000i\000o\000n\000e\000s\000\040\000y\000\040\000R\000e\000c\000o\000m\000e\000n\000d\000a\000c\000i\000o\000n\000e\000s}{}% 50
\BOOKMARK [0][-]{appendix.82}{\376\377\000A\000\040\000@\000n\000o\000m\000b\000r\000e\000A\000p\000e\000n\000d\000i\000c\000e}{}% 51
\BOOKMARK [1][-]{section.83}{\376\377\000A\000.\0001\000\040\000@\000s\000e\000c\000c\000i\000\363\000n}{appendix.82}% 52
\BOOKMARK [2][-]{subsection.84}{\376\377\000A\000.\0001\000.\0001\000\040\000@\000s\000u\000b\000s\000e\000c\000c\000i\000\363\000n}{section.83}% 53
\BOOKMARK [0][-]{appendix.85}{\376\377\000B\000\040\000@\000n\000o\000m\000b\000r\000e\000A\000p\000e\000n\000d\000i\000c\000e}{}% 54
